android/app/build/intermediates/manifest_merge_blame_file/release/manifest-merger-blame-release-report.txt
1<?xml version="1.0" encoding="utf-8"?>
2<manifest xmlns:android="http://schemas.android.com/apk/res/android"
3    package="com.umimedicalsupport"
4    android:versionCode="1"
5    android:versionName="1.0" >
6
7    <uses-sdk
8        android:minSdkVersion="16"
8-->src/main/AndroidManifest.xml
9        android:targetSdkVersion="28" />
9-->src/main/AndroidManifest.xml
10
11    <uses-permission android:name="android.permission.INTERNET" />
11-->src/main/AndroidManifest.xml:4:5-67
11-->src/main/AndroidManifest.xml:4:22-64
12    <uses-permission android:name="android.permission.VIBRATE" />
12-->[:react-native-awesome-card-io] AndroidManifest.xml:11:5-66
12-->[:react-native-awesome-card-io] AndroidManifest.xml:11:22-63
13    <uses-permission android:name="android.permission.CAMERA" />
13-->[:react-native-awesome-card-io] AndroidManifest.xml:12:5-65
13-->[:react-native-awesome-card-io] AndroidManifest.xml:12:22-62
14
15    <uses-feature
15-->[:react-native-awesome-card-io] AndroidManifest.xml:14:5-16:36
16        android:name="android.hardware.camera"
16-->[:react-native-awesome-card-io] AndroidManifest.xml:15:9-47
17        android:required="false" />
17-->[:react-native-awesome-card-io] AndroidManifest.xml:16:9-33
18    <uses-feature
18-->[:react-native-awesome-card-io] AndroidManifest.xml:17:5-19:36
19        android:name="android.hardware.camera.autofocus"
19-->[:react-native-awesome-card-io] AndroidManifest.xml:18:9-57
20        android:required="false" />
20-->[:react-native-awesome-card-io] AndroidManifest.xml:19:9-33
21    <uses-feature
21-->[:react-native-awesome-card-io] AndroidManifest.xml:20:5-22:36
22        android:name="android.hardware.camera.flash"
22-->[:react-native-awesome-card-io] AndroidManifest.xml:21:9-53
23        android:required="false" />
23-->[:react-native-awesome-card-io] AndroidManifest.xml:22:9-33
24
25    <application
25-->src/main/AndroidManifest.xml:6:5-25:19
26        android:name="com.umimedicalsupport.MainApplication"
26-->src/main/AndroidManifest.xml:7:7-38
27        android:allowBackup="false"
27-->src/main/AndroidManifest.xml:11:7-34
28        android:appComponentFactory="androidx.core.app.CoreComponentFactory"
28-->[androidx.core:core:1.1.0] AndroidManifest.xml:24:18-86
29        android:icon="@mipmap/ic_launcher"
29-->src/main/AndroidManifest.xml:9:7-41
30        android:label="@string/app_name"
30-->src/main/AndroidManifest.xml:8:7-39
31        android:roundIcon="@mipmap/ic_launcher_round"
31-->src/main/AndroidManifest.xml:10:7-52
32        android:theme="@style/AppTheme" >
32-->src/main/AndroidManifest.xml:12:7-38
33        <activity
33-->src/main/AndroidManifest.xml:13:7-23:18
34            android:name="com.umimedicalsupport.MainActivity"
34-->src/main/AndroidManifest.xml:14:9-37
35            android:configChanges="keyboard|keyboardHidden|orientation|screenSize|uiMode"
35-->src/main/AndroidManifest.xml:16:9-86
36            android:label="@string/app_name"
36-->src/main/AndroidManifest.xml:15:9-41
37            android:launchMode="singleTask"
37-->src/main/AndroidManifest.xml:17:9-40
38            android:windowSoftInputMode="adjustResize" >
38-->src/main/AndroidManifest.xml:18:9-51
39            <intent-filter>
39-->src/main/AndroidManifest.xml:19:9-22:25
40                <action android:name="android.intent.action.MAIN" />
40-->src/main/AndroidManifest.xml:20:13-65
40-->src/main/AndroidManifest.xml:20:21-62
41
42                <category android:name="android.intent.category.LAUNCHER" />
42-->src/main/AndroidManifest.xml:21:13-73
42-->src/main/AndroidManifest.xml:21:23-70
43            </intent-filter>
44        </activity>
45        <activity android:name="com.facebook.react.devsupport.DevSettingsActivity" />
45-->src/main/AndroidManifest.xml:24:7-84
45-->src/main/AndroidManifest.xml:24:17-81
46        <activity
46-->[io.card:android-sdk:5.5.1] AndroidManifest.xml:20:9-22:66
47            android:name="io.card.payment.CardIOActivity"
47-->[io.card:android-sdk:5.5.1] AndroidManifest.xml:21:13-58
48            android:configChanges="keyboardHidden|orientation" />
48-->[io.card:android-sdk:5.5.1] AndroidManifest.xml:22:13-63
49        <activity android:name="io.card.payment.DataEntryActivity" />
49-->[io.card:android-sdk:5.5.1] AndroidManifest.xml:23:9-70
49-->[io.card:android-sdk:5.5.1] AndroidManifest.xml:23:19-67
50    </application>
51
52</manifest>